<?xml version="1.0" encoding="UTF-8"?>
<!-- Generated by org.testng.reporters.JUnitXMLReporter -->
<testsuite ignored="0" hostname="LAPTOP-13NBT9K7" failures="1" tests="1" name="Default test(failed)" time="0.039" errors="0" timestamp="2022-11-16T18:29:45 IST">
  <testcase classname="org.testNG2.Parameterization" name="verifyDashboardTitle" time="0.0">
    <failure type="org.testng.TestNGException" message="
Parameter &amp;apos;uNamess&amp;apos; is required by @Test on method verifyDashboardTitle but has not been marked @Optional or defined
in C:\Maven\Selenium\test-output\testng-failed.xml">
      <![CDATA[org.testng.TestNGException: 
Parameter 'uNamess' is required by @Test on method verifyDashboardTitle but has not been marked @Optional or defined
in C:\Maven\Selenium\test-output\testng-failed.xml
at java.base/java.util.ArrayList.forEach(ArrayList.java:1511)
... Removed 26 stack frames]]>
    </failure>
  </testcase> <!-- verifyDashboardTitle -->
</testsuite> <!-- Default test(failed) -->
